# JRE version: 7.0_25-b17
# Java VM: Java HotSpot(TM) Client VM (23.25-b01 mixed mode, sharing windows-x86 )
Heap
 def new generation   total 4928K, used 3091K [0x22960000, 0x22eb0000, 0x27eb0000)
  eden space 4416K,  69% used [0x22960000, 0x22c62c40, 0x22db0000)
  from space 512K,   1% used [0x22e30000, 0x22e323a0, 0x22eb0000)
  to   space 512K,   0% used [0x22db0000, 0x22db0000, 0x22e30000)
 tenured generation   total 10944K, used 694K [0x27eb0000, 0x28960000, 0x32960000)
   the space 10944K,   6% used [0x27eb0000, 0x27f5dbe0, 0x27f5dc00, 0x28960000)
 compacting perm gen  total 12288K, used 709K [0x32960000, 0x33560000, 0x36960000)
   the space 12288K,   5% used [0x32960000, 0x32a11428, 0x32a11600, 0x33560000)
    ro space 10240K,  42% used [0x36960000, 0x36da4240, 0x36da4400, 0x37360000)
    rw space 12288K,  54% used [0x37360000, 0x379e4d58, 0x379e4e00, 0x37f60000)
GC Heap History (10 events):
Event: 853.457 GC heap before
{Heap before GC invocations=12 (full 0):
 def new generation   total 4928K, used 4424K [0x22960000, 0x22eb0000, 0x27eb0000)
  eden space 4416K, 100% used [0x22960000, 0x22db0000, 0x22db0000)
  from space 512K,   1% used [0x22db0000, 0x22db20d8, 0x22e30000)
  to   space 512K,   0% used [0x22e30000, 0x22e30000, 0x22eb0000)
 tenured generation   total 10944K, used 694K [0x27eb0000, 0x28960000, 0x32960000)
   the space 10944K,   6% used [0x27eb0000, 0x27f5daf8, 0x27f5dc00, 0x28960000)
 compacting perm gen  total 12288K, used 709K [0x32960000, 0x33560000, 0x36960000)
   the space 12288K,   5% used [0x32960000, 0x32a11408, 0x32a11600, 0x33560000)
    ro space 10240K,  42% used [0x36960000, 0x36da4240, 0x36da4400, 0x37360000)
    rw space 12288K,  54% used [0x37360000, 0x379e4d58, 0x379e4e00, 0x37f60000)
Event: 853.457 GC heap after
Heap after GC invocations=13 (full 0):
 def new generation   total 4928K, used 9K [0x22960000, 0x22eb0000, 0x27eb0000)
  eden space 4416K,   0% used [0x22960000, 0x22960000, 0x22db0000)
  from space 512K,   1% used [0x22e30000, 0x22e32450, 0x22eb0000)
  to   space 512K,   0% used [0x22db0000, 0x22db0000, 0x22e30000)
 tenured generation   total 10944K, used 694K [0x27eb0000, 0x28960000, 0x32960000)
   the space 10944K,   6% used [0x27eb0000, 0x27f5daf8, 0x27f5dc00, 0x28960000)
 compacting perm gen  total 12288K, used 709K [0x32960000, 0x33560000, 0x36960000)
   the space 12288K,   5% used [0x32960000, 0x32a11408, 0x32a11600, 0x33560000)
    ro space 10240K,  42% used [0x36960000, 0x36da4240, 0x36da4400, 0x37360000)
    rw space 12288K,  54% used [0x37360000, 0x379e4d58, 0x379e4e00, 0x37f60000)
}
Event: 876.908 GC heap before
{Heap before GC invocations=13 (full 0):
 def new generation   total 4928K, used 4425K [0x22960000, 0x22eb0000, 0x27eb0000)
  eden space 4416K, 100% used [0x22960000, 0x22db0000, 0x22db0000)
  from space 512K,   1% used [0x22e30000, 0x22e32450, 0x22eb0000)
  to   space 512K,   0% used [0x22db0000, 0x22db0000, 0x22e30000)
 tenured generation   total 10944K, used 694K [0x27eb0000, 0x28960000, 0x32960000)
   the space 10944K,   6% used [0x27eb0000, 0x27f5daf8, 0x27f5dc00, 0x28960000)
 compacting perm gen  total 12288K, used 709K [0x32960000, 0x33560000, 0x36960000)
   the space 12288K,   5% used [0x32960000, 0x32a11408, 0x32a11600, 0x33560000)
    ro space 10240K,  42% used [0x36960000, 0x36da4240, 0x36da4400, 0x37360000)
    rw space 12288K,  54% used [0x37360000, 0x379e4d58, 0x379e4e00, 0x37f60000)
Event: 876.909 GC heap after
Heap after GC invocations=14 (full 0):
 def new generation   total 4928K, used 9K [0x22960000, 0x22eb0000, 0x27eb0000)
  eden space 4416K,   0% used [0x22960000, 0x22960000, 0x22db0000)
  from space 512K,   1% used [0x22db0000, 0x22db2600, 0x22e30000)
  to   space 512K,   0% used [0x22e30000, 0x22e30000, 0x22eb0000)
 tenured generation   total 10944K, used 694K [0x27eb0000, 0x28960000, 0x32960000)
   the space 10944K,   6% used [0x27eb0000, 0x27f5daf8, 0x27f5dc00, 0x28960000)
 compacting perm gen  total 12288K, used 709K [0x32960000, 0x33560000, 0x36960000)
   the space 12288K,   5% used [0x32960000, 0x32a11408, 0x32a11600, 0x33560000)
    ro space 10240K,  42% used [0x36960000, 0x36da4240, 0x36da4400, 0x37360000)
    rw space 12288K,  54% used [0x37360000, 0x379e4d58, 0x379e4e00, 0x37f60000)
}
Event: 908.975 GC heap before
{Heap before GC invocations=14 (full 0):
 def new generation   total 4928K, used 4425K [0x22960000, 0x22eb0000, 0x27eb0000)
  eden space 4416K, 100% used [0x22960000, 0x22db0000, 0x22db0000)
  from space 512K,   1% used [0x22db0000, 0x22db2600, 0x22e30000)
  to   space 512K,   0% used [0x22e30000, 0x22e30000, 0x22eb0000)
 tenured generation   total 10944K, used 694K [0x27eb0000, 0x28960000, 0x32960000)
   the space 10944K,   6% used [0x27eb0000, 0x27f5daf8, 0x27f5dc00, 0x28960000)
 compacting perm gen  total 12288K, used 709K [0x32960000, 0x33560000, 0x36960000)
   the space 12288K,   5% used [0x32960000, 0x32a11408, 0x32a11600, 0x33560000)
    ro space 10240K,  42% used [0x36960000, 0x36da4240, 0x36da4400, 0x37360000)
    rw space 12288K,  54% used [0x37360000, 0x379e4d58, 0x379e4e00, 0x37f60000)
Event: 908.976 GC heap after
Heap after GC invocations=15 (full 0):
 def new generation   total 4928K, used 8K [0x22960000, 0x22eb0000, 0x27eb0000)
  eden space 4416K,   0% used [0x22960000, 0x22960000, 0x22db0000)
  from space 512K,   1% used [0x22e30000, 0x22e32320, 0x22eb0000)
  to   space 512K,   0% used [0x22db0000, 0x22db0000, 0x22e30000)
 tenured generation   total 10944K, used 694K [0x27eb0000, 0x28960000, 0x32960000)
   the space 10944K,   6% used [0x27eb0000, 0x27f5daf8, 0x27f5dc00, 0x28960000)
 compacting perm gen  total 12288K, used 709K [0x32960000, 0x33560000, 0x36960000)
   the space 12288K,   5% used [0x32960000, 0x32a11408, 0x32a11600, 0x33560000)
    ro space 10240K,  42% used [0x36960000, 0x36da4240, 0x36da4400, 0x37360000)
    rw space 12288K,  54% used [0x37360000, 0x379e4d58, 0x379e4e00, 0x37f60000)
}
Event: 928.414 GC heap before
{Heap before GC invocations=15 (full 0):
 def new generation   total 4928K, used 4424K [0x22960000, 0x22eb0000, 0x27eb0000)
  eden space 4416K, 100% used [0x22960000, 0x22db0000, 0x22db0000)
  from space 512K,   1% used [0x22e30000, 0x22e32320, 0x22eb0000)
  to   space 512K,   0% used [0x22db0000, 0x22db0000, 0x22e30000)
 tenured generation   total 10944K, used 694K [0x27eb0000, 0x28960000, 0x32960000)
   the space 10944K,   6% used [0x27eb0000, 0x27f5daf8, 0x27f5dc00, 0x28960000)
 compacting perm gen  total 12288K, used 709K [0x32960000, 0x33560000, 0x36960000)
   the space 12288K,   5% used [0x32960000, 0x32a11408, 0x32a11600, 0x33560000)
    ro space 10240K,  42% used [0x36960000, 0x36da4240, 0x36da4400, 0x37360000)
    rw space 12288K,  54% used [0x37360000, 0x379e4d58, 0x379e4e00, 0x37f60000)
Event: 928.415 GC heap after
Heap after GC invocations=16 (full 0):
 def new generation   total 4928K, used 9K [0x22960000, 0x22eb0000, 0x27eb0000)
  eden space 4416K,   0% used [0x22960000, 0x22960000, 0x22db0000)
  from space 512K,   1% used [0x22db0000, 0x22db2708, 0x22e30000)
  to   space 512K,   0% used [0x22e30000, 0x22e30000, 0x22eb0000)
 tenured generation   total 10944K, used 694K [0x27eb0000, 0x28960000, 0x32960000)
   the space 10944K,   6% used [0x27eb0000, 0x27f5daf8, 0x27f5dc00, 0x28960000)
 compacting perm gen  total 12288K, used 709K [0x32960000, 0x33560000, 0x36960000)
   the space 12288K,   5% used [0x32960000, 0x32a11408, 0x32a11600, 0x33560000)
    ro space 10240K,  42% used [0x36960000, 0x36da4240, 0x36da4400, 0x37360000)
    rw space 12288K,  54% used [0x37360000, 0x379e4d58, 0x379e4e00, 0x37f60000)
}
Event: 968.696 GC heap before
{Heap before GC invocations=16 (full 0):
 def new generation   total 4928K, used 4425K [0x22960000, 0x22eb0000, 0x27eb0000)
  eden space 4416K, 100% used [0x22960000, 0x22db0000, 0x22db0000)
  from space 512K,   1% used [0x22db0000, 0x22db2708, 0x22e30000)
  to   space 512K,   0% used [0x22e30000, 0x22e30000, 0x22eb0000)
 tenured generation   total 10944K, used 694K [0x27eb0000, 0x28960000, 0x32960000)
   the space 10944K,   6% used [0x27eb0000, 0x27f5daf8, 0x27f5dc00, 0x28960000)
 compacting perm gen  total 12288K, used 709K [0x32960000, 0x33560000, 0x36960000)
   the space 12288K,   5% used [0x32960000, 0x32a11408, 0x32a11600, 0x33560000)
    ro space 10240K,  42% used [0x36960000, 0x36da4240, 0x36da4400, 0x37360000)
    rw space 12288K,  54% used [0x37360000, 0x379e4d58, 0x379e4e00, 0x37f60000)
Event: 968.696 GC heap after
Heap after GC invocations=17 (full 0):
 def new generation   total 4928K, used 8K [0x22960000, 0x22eb0000, 0x27eb0000)
  eden space 4416K,   0% used [0x22960000, 0x22960000, 0x22db0000)
  from space 512K,   1% used [0x22e30000, 0x22e323a0, 0x22eb0000)
  to   space 512K,   0% used [0x22db0000, 0x22db0000, 0x22e30000)
 tenured generation   total 10944K, used 694K [0x27eb0000, 0x28960000, 0x32960000)
   the space 10944K,   6% used [0x27eb0000, 0x27f5dbe0, 0x27f5dc00, 0x28960000)
 compacting perm gen  total 12288K, used 709K [0x32960000, 0x33560000, 0x36960000)
   the space 12288K,   5% used [0x32960000, 0x32a11408, 0x32a11600, 0x33560000)
    ro space 10240K,  42% used [0x36960000, 0x36da4240, 0x36da4400, 0x37360000)
    rw space 12288K,  54% used [0x37360000, 0x379e4d58, 0x379e4e00, 0x37f60000)
}

